<?xml version="1.0" encoding="UTF-8"?>
<testsuite name="br.com.aab.algorithms.BubbleSortTest" tests="3" skipped="0" failures="0" errors="0" timestamp="2020-02-20T21:01:55" hostname="alemacbookpro.local" time="0.702">
  <properties/>
  <testcase name="sortExec_ArrayNull" classname="br.com.aab.algorithms.BubbleSortTest" time="0.686"/>
  <testcase name="sortExec_Success" classname="br.com.aab.algorithms.BubbleSortTest" time="0.012"/>
  <testcase name="sortExec_OnlyOneElement" classname="br.com.aab.algorithms.BubbleSortTest" time="0.001"/>
  <system-out><![CDATA[]]></system-out>
  <system-err><![CDATA[]]></system-err>
</testsuite>
