<?xml version="1.0" encoding="UTF-8"?>
<testsuite name="br.com.aab.algorithms.BubbleSortTest" tests="1" skipped="0" failures="0" errors="0" timestamp="2020-02-20T20:11:31" hostname="alemacbookpro.local" time="0.804">
  <properties/>
  <testcase name="sortExec_Success" classname="br.com.aab.algorithms.BubbleSortTest" time="0.804"/>
  <system-out><![CDATA[]]></system-out>
  <system-err><![CDATA[]]></system-err>
</testsuite>
