<?xml version="1.0" encoding="UTF-8"?>
<testsuite name="br.com.aab.algorithms.BubbleSortTest" tests="3" skipped="0" failures="0" errors="0" timestamp="2020-02-19T22:55:36" hostname="alemacbookpro.local" time="0.746">
  <properties/>
  <testcase name="sortExec_CheckingUnOrderedSort" classname="br.com.aab.algorithms.BubbleSortTest" time="0.735"/>
  <testcase name="sortExec_Success" classname="br.com.aab.algorithms.BubbleSortTest" time="0.007"/>
  <testcase name="sortExec_CheckingOnlyOneNumber" classname="br.com.aab.algorithms.BubbleSortTest" time="0.002"/>
  <system-out><![CDATA[]]></system-out>
  <system-err><![CDATA[]]></system-err>
</testsuite>
